<?xml version="1.0" encoding="UTF-8"?>
<coverage generated="1676965213394" clover="3.2.0">
  <project timestamp="1676965213394" name="All files">
    <metrics statements="6" coveredstatements="4" conditionals="0" coveredconditionals="0" methods="4" coveredmethods="3" elements="10" coveredelements="7" complexity="0" loc="6" ncloc="6" packages="1" files="2" classes="2"/>
    <file name="asyncFunc.js" path="C:\Users\shiva\Desktop\Javascript\React yagnesh\src\asyncFunc.js">
      <metrics statements="5" coveredstatements="3" conditionals="0" coveredconditionals="0" methods="3" coveredmethods="2"/>
      <line num="1" count="1" type="stmt"/>
      <line num="2" count="1" type="stmt"/>
      <line num="5" count="1" type="stmt"/>
      <line num="6" count="0" type="stmt"/>
      <line num="7" count="0" type="stmt"/>
    </file>
    <file name="sum.js" path="C:\Users\shiva\Desktop\Javascript\React yagnesh\src\sum.js">
      <metrics statements="1" coveredstatements="1" conditionals="0" coveredconditionals="0" methods="1" coveredmethods="1"/>
      <line num="1" count="1" type="stmt"/>
    </file>
  </project>
</coverage>
